Loading config from exp_configs/exp2.json
experiment_name: exp2
critic_lr: 0.001
actor_lr:1e-05
batch_size: 8
num_episode: 1
using device: cpu
[92m [RCPTrack]:  setting full attributes [0m
[92m track and raceline loaded [0m
resuming training from 0, optimizer state not loaded
training for 1 episodes
episode 0
all episodes done at step 200
-----Variables--------
-------Time-----------
prep		0.0 %
sample_policy		5.3 %
cat state		0.7 %
dynamics		24.0 %
reward		8.5 %
sim		40.7 %
update		59.3 %
test		0.0 %
avg frequency = 0.578Hz
unaccounted time = -38.5 %
